Arguments: 
  /usr/bin/node /usr/local/bin/yarn install --check-files

PATH: 
  /usr/local/sbin:/usr/local/bin:/usr/sbin:/usr/bin:/sbin:/bin:/snap/bin

Yarn version: 
  1.16.0

Node version: 
  8.10.0

Platform: 
  linux x64

Trace: 
  Error: https://registry.yarnpkg.com/@bower_components%2fhighstock: Not found
      at Request.params.callback [as _callback] (/usr/local/lib/node_modules/yarn/lib/cli.js:66091:18)
      at Request.self.callback (/usr/local/lib/node_modules/yarn/lib/cli.js:129590:22)
      at emitTwo (events.js:126:13)
      at Request.emit (events.js:214:7)
      at Request.<anonymous> (/usr/local/lib/node_modules/yarn/lib/cli.js:130562:10)
      at emitOne (events.js:116:13)
      at Request.emit (events.js:211:7)
      at IncomingMessage.<anonymous> (/usr/local/lib/node_modules/yarn/lib/cli.js:130484:12)
      at Object.onceWrapper (events.js:313:30)
      at emitNone (events.js:111:20)

npm manifest: 
  {
    "license": "UNLICENSED",
    "engines": {
      "yarn": ">= 1.0.0"
    },
    "scripts": {
      "postinstall": "node -e \"try { require('fs').symlinkSync(require('path').resolve('node_modules/@bower_components'), 'chezbetty/static/bower_components', 'junction') } catch (e) { }\""
    },
    "dependencies": {
      "@bower_components/Chart.js": "nnnick/Chart.js#1.0.1-beta.3",
      "@bower_components/StickyTableHeaders": "jmosbech/StickyTableHeaders#*",
      "@bower_components/barcoder": "bradjc/node-barcoder#1.2.0",
      "@bower_components/bootstrap": "twbs/bootstrap#~3.3.0",
      "@bower_components/bootstrap-sortable": "drvic10k/bootstrap-sortable#~1.9.0",
      "@bower_components/bootstrap-switch": "nostalgiaz/bootstrap-switch#~3.3.2",
      "@bower_components/datetimepicker": "xdan/datetimepicker#*",
      "@bower_components/fgt-jquery-scannerdetection": "frontgatetickets/jQuery-Scanner-Detection#*",
      "@bower_components/highstock": "highslide-software/highstock-release/archive/v2.0.3.zip#*",
      "@bower_components/jquery": "jquery/jquery-dist#~1.9.0",
      "@bower_components/jquery-dateFormat": "phstc/jquery-dateFormat#~1.0.1",
      "@bower_components/jquery-mousewheel": "jquery/jquery-mousewheel#>= 3.1.13",
      "@bower_components/jquery-ui": "components/jqueryui#~1.11.0",
      "@bower_components/moment": "moment/moment#>= 2.3.1",
      "@bower_components/php-date-formatter": "kartik-v/php-date-formatter#>= 1.3.3",
      "@bower_components/spin.js": "fgnass/spin.js#~2.0.1"
    }
  }

yarn manifest: 
  No manifest

Lockfile: 
  # THIS IS AN AUTOGENERATED FILE. DO NOT EDIT THIS FILE DIRECTLY.
  # yarn lockfile v1
